ERROR TSAudio: Segment at %DataDirectory%Res\Sound\Locale\%Language%\Sfx\Samples\Karaoke\ has no extensions defined in section DBSegmentDirectoryFiles
.\source\TSAudioResourceManager.cpp(944)
ERROR TSAudio: Segment at %DataDirectory%Res\Sound\Locale\%Language%\Sfx\Tracks\Karaoke\ has no extensions defined in section DBSegmentDirectoryFiles
.\source\TSAudioResourceManager.cpp(944)
ERROR TSAudio: Segment at %DataDirectory%Res\Sound\Locale\%Language%\Sfx\Samples\DJBooth\ has no extensions defined in section DBSegmentDirectoryFiles
.\source\TSAudioResourceManager.cpp(944)
ERROR TSAudio: Segment at %DataDirectory%Res\Sound\Locale\%Language%\Sfx\Tracks\DJBooth\ has no extensions defined in section DBSegmentDirectoryFiles
.\source\TSAudioResourceManager.cpp(944)
ERROR TSAudioMusic     : Music category (Buy) listed twice in category property set.
.\source\TSAudioMusicManager.cpp(1667)
ERROR TSAudioMusic     : Music category (Build) listed twice in category property set.
.\source\TSAudioMusicManager.cpp(1667)
ERROR TSAudioMusic     : Music category (CAS) listed twice in category property set.
.\source\TSAudioMusicManager.cpp(1667)
ERROR TSAudioMusic     : Music category (NHood) listed twice in category property set.
.\source\TSAudioMusicManager.cpp(1667)
ERROR TSAudioMusic     : Music category (CAS) listed twice in category property set.
.\source\TSAudioMusicManager.cpp(1667)
ERROR TSAudioMusic     : Music category (Buy) listed twice in category property set.
.\source\TSAudioMusicManager.cpp(1667)
ERROR TSAudioMusic     : Music category (Build) listed twice in category property set.
.\source\TSAudioMusicManager.cpp(1667)
ERROR TSAudioMusic     : Music category (NHood) listed twice in category property set.
.\source\TSAudioMusicManager.cpp(1667)
ERROR TSAudioMusic     : Music category (NHood) listed twice in category property set.
.\source\TSAudioMusicManager.cpp(1667)
ERROR TSAudioMusic     : Music category (Buy) listed twice in category property set.
.\source\TSAudioMusicManager.cpp(1667)
ERROR TSAudioMusic     : Music category (Build) listed twice in category property set.
.\source\TSAudioMusicManager.cpp(1667)
ERROR TSAudioMusic     : Music category (CAS) listed twice in category property set.
.\source\TSAudioMusicManager.cpp(1667)
ERROR TSAudio: Failed to cache resource. 0b9eb87e:0da1f2ca:ff99e0de
.\source\TSAudioResourceManager.cpp(1220)
ERROR TSAudio: Failed to cache resource. 0b9eb87e:eb8ab356:ff8bceb2
.\source\TSAudioResourceManager.cpp(1220)
ERROR TSAudio: Failed to GetSoundDefinition for sound(0x548be6beff34e1c6) instance(a218ee16)
.\source\TSAudioSoundInstance.cpp(211)
ERROR TSAudio: Failed to initialize sound(0x548be6beff34e1c6) instance(a218ee16)
.\source\TSAudioSoundManager.cpp(2966)
ERROR TSAudio: Object(VideoGame - System ) Modifier(destsurface) String does not exist. Event(obj_put)
.\source\TSAudioEventModifierPrimitives.cpp(686)
ERROR TSAudio: Failed to GetSoundDefinition for sound(0xb54edc0eff45f086) instance(046b1756)
.\source\TSAudioSoundInstance.cpp(211)
ERROR TSAudio: Failed to initialize sound(0xb54edc0eff45f086) instance(046b1756)
.\source\TSAudioSoundManager.cpp(2966)
ERROR TSAudio: Failed to GetSoundDefinition for sound(0xa8c23ebbffe97ccf) instance(fa54d1d9)
.\source\TSAudioSoundInstance.cpp(211)
ERROR TSAudio: Failed to initialize sound(0xa8c23ebbffe97ccf) instance(fa54d1d9)
.\source\TSAudioSoundManager.cpp(2966)
ERROR TSAudio: Failed to GetSoundDefinition for sound(0xa8c23ebbffe97ccf) instance(fa54d1d9)
.\source\TSAudioSoundInstance.cpp(211)
ERROR TSAudio: Failed to initialize sound(0xa8c23ebbffe97ccf) instance(fa54d1d9)
.\source\TSAudioSoundManager.cpp(2966)
ERROR TSAudio: Failed to GetSoundDefinition for sound(0x2ba0f8d1ffa5634c) instance(f873edc4)
.\source\TSAudioSoundInstance.cpp(211)
ERROR TSAudio: Failed to initialize sound(0x2ba0f8d1ffa5634c) instance(f873edc4)
.\source\TSAudioSoundManager.cpp(2966)
ERROR TSAudio: Failed to GetSoundDefinition for sound(0x2ba0f8d1ffa5634c) instance(f873edc4)
.\source\TSAudioSoundInstance.cpp(211)
ERROR TSAudio: Failed to initialize sound(0x2ba0f8d1ffa5634c) instance(f873edc4)
.\source\TSAudioSoundManager.cpp(2966)
ERROR TSAudio: Failed to GetSoundDefinition for sound(0x2ba0f8d1ffa5634c) instance(f873edc4)
.\source\TSAudioSoundInstance.cpp(211)
ERROR TSAudio: Failed to initialize sound(0x2ba0f8d1ffa5634c) instance(f873edc4)
.\source\TSAudioSoundManager.cpp(2966)
ERROR TSAudio: Failed to GetSoundDefinition for sound(0x2ba0f8d1ffa5634c) instance(f873edc4)
.\source\TSAudioSoundInstance.cpp(211)
ERROR TSAudio: Failed to initialize sound(0x2ba0f8d1ffa5634c) instance(f873edc4)
.\source\TSAudioSoundManager.cpp(2966)
ERROR TSAudio: Failed to GetSoundDefinition for sound(0x2ba0f8d1ffa5634c) instance(f873edc4)
.\source\TSAudioSoundInstance.cpp(211)
ERROR TSAudio: Failed to initialize sound(0x2ba0f8d1ffa5634c) instance(f873edc4)
.\source\TSAudioSoundManager.cpp(2966)
ERROR TSAudio: Failed to GetSoundDefinition for sound(0xd9b1dc92fffad9ab) instance(f4e683ce)
.\source\TSAudioSoundInstance.cpp(211)
ERROR TSAudio: Failed to initialize sound(0xd9b1dc92fffad9ab) instance(f4e683ce)
.\source\TSAudioSoundManager.cpp(2966)
ERROR TSAudio: Failed to GetSoundDefinition for sound(0xd9b1dc92fffad9ab) instance(f4e683ce)
.\source\TSAudioSoundInstance.cpp(211)
ERROR TSAudio: Failed to initialize sound(0xd9b1dc92fffad9ab) instance(f4e683ce)
.\source\TSAudioSoundManager.cpp(2966)
ERROR TSAudio: Failed to GetSoundDefinition for sound(0xd9b1dc92fffad9ab) instance(f4e683ce)
.\source\TSAudioSoundInstance.cpp(211)
ERROR TSAudio: Failed to initialize sound(0xd9b1dc92fffad9ab) instance(f4e683ce)
.\source\TSAudioSoundManager.cpp(2966)
ERROR TSAudio: Failed to GetSoundDefinition for sound(0xd9b1dc92fffad9ab) instance(f4e683ce)
.\source\TSAudioSoundInstance.cpp(211)
ERROR TSAudio: Failed to initialize sound(0xd9b1dc92fffad9ab) instance(f4e683ce)
.\source\TSAudioSoundManager.cpp(2966)
ERROR TSAudio: Failed to GetSoundDefinition for sound(0xd9b1dc92fffad9ab) instance(f4e683ce)
.\source\TSAudioSoundInstance.cpp(211)
ERROR TSAudio: Failed to initialize sound(0xd9b1dc92fffad9ab) instance(f4e683ce)
.\source\TSAudioSoundManager.cpp(2966)
ERROR TSAudio: Failed to GetSoundDefinition for sound(0xd9b1dc92fffad9ab) instance(f4e683ce)
.\source\TSAudioSoundInstance.cpp(211)
ERROR TSAudio: Failed to initialize sound(0xd9b1dc92fffad9ab) instance(f4e683ce)
.\source\TSAudioSoundManager.cpp(2966)
ERROR TSAudio: Failed to GetSoundDefinition for sound(0xd9b1dc92fffad9ab) instance(f4e683ce)
.\source\TSAudioSoundInstance.cpp(211)
ERROR TSAudio: Failed to initialize sound(0xd9b1dc92fffad9ab) instance(f4e683ce)
.\source\TSAudioSoundManager.cpp(2966)
ERROR TSAudio: Failed to GetSoundDefinition for sound(0xd9b1dc92fffad9ab) instance(f4e683ce)
.\source\TSAudioSoundInstance.cpp(211)
ERROR TSAudio: Failed to initialize sound(0xd9b1dc92fffad9ab) instance(f4e683ce)
.\source\TSAudioSoundManager.cpp(2966)
ERROR TSAudio: Failed to GetSoundDefinition for sound(0x1dd134feff0a1ec0) instance(f86b45fc)
.\source\TSAudioSoundInstance.cpp(211)
ERROR TSAudio: Failed to initialize sound(0x1dd134feff0a1ec0) instance(f86b45fc)
.\source\TSAudioSoundManager.cpp(2966)
ERROR TSAudio: Failed to GetSoundDefinition for sound(0x648a829bffed0645) instance(913bc53a)
.\source\TSAudioSoundInstance.cpp(211)
ERROR TSAudio: Failed to initialize sound(0x648a829bffed0645) instance(913bc53a)
.\source\TSAudioSoundManager.cpp(2966)
ERROR TSAudio: Object(VideoGame - System ) Modifier(destsurface) String does not exist. Event(obj_get)
.\source\TSAudioEventModifierPrimitives.cpp(686)
ERROR TSAudio: Failed to GetSoundDefinition for sound(0xdd0e587fff749856) instance(59952bb0)
.\source\TSAudioSoundInstance.cpp(211)
ERROR TSAudio: Failed to initialize sound(0xdd0e587fff749856) instance(59952bb0)
.\source\TSAudioSoundManager.cpp(2966)
ERROR TSAudio: Failed to GetSoundDefinition for sound(0xd9b1dc92fffad9ab) instance(f4e683ce)
.\source\TSAudioSoundInstance.cpp(211)
ERROR TSAudio: Failed to initialize sound(0xd9b1dc92fffad9ab) instance(f4e683ce)
.\source\TSAudioSoundManager.cpp(2966)
ERROR TSAudio: Failed to GetSoundDefinition for sound(0xd9b1dc92fffad9ab) instance(f4e683ce)
.\source\TSAudioSoundInstance.cpp(211)
ERROR TSAudio: Failed to initialize sound(0xd9b1dc92fffad9ab) instance(f4e683ce)
.\source\TSAudioSoundManager.cpp(2966)
ERROR TSAudio: Object(VideoGame - System ) Modifier(destsurface) String does not exist. Event(obj_get)
.\source\TSAudioEventModifierPrimitives.cpp(686)
ERROR TSAudio: Failed to GetSoundDefinition for sound(0xdd0e587fff749856) instance(f1802410)
.\source\TSAudioSoundInstance.cpp(211)
ERROR TSAudio: Failed to initialize sound(0xdd0e587fff749856) instance(f1802410)
.\source\TSAudioSoundManager.cpp(2966)
ERROR TSAudio: Failed to GetSoundDefinition for sound(0xa8c23ebbffe97ccf) instance(fa54d1d9)
.\source\TSAudioSoundInstance.cpp(211)
ERROR TSAudio: Failed to initialize sound(0xa8c23ebbffe97ccf) instance(fa54d1d9)
.\source\TSAudioSoundManager.cpp(2966)
ERROR TSAudio: Failed to GetSoundDefinition for sound(0xa8c23ebbffe97ccf) instance(f704ab3b)
.\source\TSAudioSoundInstance.cpp(211)
ERROR TSAudio: Failed to initialize sound(0xa8c23ebbffe97ccf) instance(f704ab3b)
.\source\TSAudioSoundManager.cpp(2966)
ERROR TSAudio: Object(VideoGame - System ) Modifier(destsurface) String does not exist. Event(obj_put)
.\source\TSAudioEventModifierPrimitives.cpp(686)
ERROR TSAudio: Failed to GetSoundDefinition for sound(0xb54edc0eff45f086) instance(f7715b5a)
.\source\TSAudioSoundInstance.cpp(211)
ERROR TSAudio: Failed to initialize sound(0xb54edc0eff45f086) instance(f7715b5a)
.\source\TSAudioSoundManager.cpp(2966)
ERROR TSAudio: Failed to GetSoundDefinition for sound(0x3da6a66dffa30e43) instance(89622945)
.\source\TSAudioSoundInstance.cpp(211)
ERROR TSAudio: Failed to initialize sound(0x3da6a66dffa30e43) instance(89622945)
.\source\TSAudioSoundManager.cpp(2966)
ERROR TSAudio: Object(VideoGame - System ) Modifier(destsurface) String does not exist. Event(obj_put)
.\source\TSAudioEventModifierPrimitives.cpp(686)
ERROR TSAudio: Failed to GetSoundDefinition for sound(0xb54edc0eff45f086) instance(046b1756)
.\source\TSAudioSoundInstance.cpp(211)
ERROR TSAudio: Failed to initialize sound(0xb54edc0eff45f086) instance(046b1756)
.\source\TSAudioSoundManager.cpp(2966)
