{1,13:26:07:784,00:00:08:648,105366,ERROR,TSAudio,Segment at %DataDirectory%Res\Sound\Locale\%Language%\Sfx\Samples\Karaoke\ has no extensions defined in section DBSegmentDirectoryFiles },
{2,13:26:07:784,00:00:08:648,105366,ERROR,TSAudio,Segment at %DataDirectory%Res\Sound\Locale\%Language%\Sfx\Tracks\Karaoke\ has no extensions defined in section DBSegmentDirectoryFiles },
{3,13:26:07:785,00:00:08:648,105366,ERROR,TSAudio,Segment at %DataDirectory%Res\Sound\Locale\%Language%\Sfx\Samples\DJBooth\ has no extensions defined in section DBSegmentDirectoryFiles },
{4,13:26:07:785,00:00:08:648,105366,ERROR,TSAudio,Segment at %DataDirectory%Res\Sound\Locale\%Language%\Sfx\Tracks\DJBooth\ has no extensions defined in section DBSegmentDirectoryFiles },
{17,13:26:26:098,00:00:11:263,112805,ERROR,TSAudio,Failed to cache resource. 0b9eb87e:0da1f2ca:ff99e0de },
{18,13:26:26:341,00:00:11:303,113080,ERROR,TSAudio,Failed to cache resource. 0b9eb87e:eb8ab356:ff8bceb2 },
{19,13:31:50:977,00:00:58:735,158489,ERROR,TSAudio,Failed to GetSoundDefinition for sound(0x548be6beff34e1c6) instance(a218ee16) },
{20,13:31:50:977,00:00:58:735,158489,ERROR,TSAudio,Failed to initialize sound(0x548be6beff34e1c6) instance(a218ee16) },
{21,13:34:27:730,00:01:19:995,177151,ERROR,TSAudio,Object(VideoGame - System ) Modifier(destsurface) String does not exist. Event(obj_put)},
{22,13:34:27:745,00:01:19:996,177151,ERROR,TSAudio,Failed to GetSoundDefinition for sound(0xb54edc0eff45f086) instance(046b1756) },
{23,13:34:27:745,00:01:19:996,177151,ERROR,TSAudio,Failed to initialize sound(0xb54edc0eff45f086) instance(046b1756) },
{24,13:38:27:414,00:01:51:745,222422,ERROR,TSAudio,Failed to GetSoundDefinition for sound(0xa8c23ebbffe97ccf) instance(fa54d1d9) },
{25,13:38:27:414,00:01:51:745,222422,ERROR,TSAudio,Failed to initialize sound(0xa8c23ebbffe97ccf) instance(fa54d1d9) },
{26,13:41:10:627,00:02:14:713,237321,ERROR,TSAudio,Failed to GetSoundDefinition for sound(0xa8c23ebbffe97ccf) instance(fa54d1d9) },
{27,13:41:10:628,00:02:14:713,237321,ERROR,TSAudio,Failed to initialize sound(0xa8c23ebbffe97ccf) instance(fa54d1d9) },
{28,13:42:31:180,00:02:25:965,245276,ERROR,TSAudio,Failed to GetSoundDefinition for sound(0x2ba0f8d1ffa5634c) instance(f873edc4) },
{29,13:42:31:180,00:02:25:965,245276,ERROR,TSAudio,Failed to initialize sound(0x2ba0f8d1ffa5634c) instance(f873edc4) },
{30,13:42:58:030,00:02:29:610,247976,ERROR,TSAudio,Failed to GetSoundDefinition for sound(0x2ba0f8d1ffa5634c) instance(f873edc4) },
{31,13:42:58:030,00:02:29:610,247976,ERROR,TSAudio,Failed to initialize sound(0x2ba0f8d1ffa5634c) instance(f873edc4) },
{32,13:45:04:557,00:02:47:552,258407,ERROR,TSAudio,Failed to GetSoundDefinition for sound(0x2ba0f8d1ffa5634c) instance(f873edc4) },
{33,13:45:04:557,00:02:47:552,258407,ERROR,TSAudio,Failed to initialize sound(0x2ba0f8d1ffa5634c) instance(f873edc4) },
{34,13:45:06:063,00:02:47:771,258551,ERROR,TSAudio,Failed to GetSoundDefinition for sound(0x2ba0f8d1ffa5634c) instance(f873edc4) },
{35,13:45:06:063,00:02:47:771,258551,ERROR,TSAudio,Failed to initialize sound(0x2ba0f8d1ffa5634c) instance(f873edc4) },
{36,13:47:39:640,00:03:09:475,273337,ERROR,TSAudio,Failed to GetSoundDefinition for sound(0x2ba0f8d1ffa5634c) instance(f873edc4) },
{37,13:47:39:640,00:03:09:475,273337,ERROR,TSAudio,Failed to initialize sound(0x2ba0f8d1ffa5634c) instance(f873edc4) },
{38,14:02:21:697,00:05:14:532,360403,ERROR,TSAudio,Failed to GetSoundDefinition for sound(0xd9b1dc92fffad9ab) instance(f4e683ce) },
{39,14:02:21:697,00:05:14:532,360403,ERROR,TSAudio,Failed to initialize sound(0xd9b1dc92fffad9ab) instance(f4e683ce) },
{40,14:02:21:896,00:05:14:560,360424,ERROR,TSAudio,Failed to GetSoundDefinition for sound(0xd9b1dc92fffad9ab) instance(f4e683ce) },
{41,14:02:21:896,00:05:14:560,360424,ERROR,TSAudio,Failed to initialize sound(0xd9b1dc92fffad9ab) instance(f4e683ce) },
{42,14:02:25:534,00:05:15:077,360745,ERROR,TSAudio,Failed to GetSoundDefinition for sound(0xd9b1dc92fffad9ab) instance(f4e683ce) },
{43,14:02:25:534,00:05:15:077,360745,ERROR,TSAudio,Failed to initialize sound(0xd9b1dc92fffad9ab) instance(f4e683ce) },
{44,14:02:25:588,00:05:15:085,360748,ERROR,TSAudio,Failed to GetSoundDefinition for sound(0xd9b1dc92fffad9ab) instance(f4e683ce) },
{45,14:02:25:588,00:05:15:085,360748,ERROR,TSAudio,Failed to initialize sound(0xd9b1dc92fffad9ab) instance(f4e683ce) },
{46,14:04:44:372,00:05:34:833,375613,ERROR,TSAudio,Failed to GetSoundDefinition for sound(0xd9b1dc92fffad9ab) instance(f4e683ce) },
{47,14:04:44:372,00:05:34:833,375613,ERROR,TSAudio,Failed to initialize sound(0xd9b1dc92fffad9ab) instance(f4e683ce) },
{48,14:04:44:575,00:05:34:862,375636,ERROR,TSAudio,Failed to GetSoundDefinition for sound(0xd9b1dc92fffad9ab) instance(f4e683ce) },
{49,14:04:44:575,00:05:34:862,375636,ERROR,TSAudio,Failed to initialize sound(0xd9b1dc92fffad9ab) instance(f4e683ce) },
{50,14:09:16:294,00:06:12:087,414963,ERROR,TSAudio,Failed to GetSoundDefinition for sound(0xd9b1dc92fffad9ab) instance(f4e683ce) },
{51,14:09:16:294,00:06:12:087,414963,ERROR,TSAudio,Failed to initialize sound(0xd9b1dc92fffad9ab) instance(f4e683ce) },
{52,14:09:16:491,00:06:12:112,414994,ERROR,TSAudio,Failed to GetSoundDefinition for sound(0xd9b1dc92fffad9ab) instance(f4e683ce) },
{53,14:09:16:491,00:06:12:112,414994,ERROR,TSAudio,Failed to initialize sound(0xd9b1dc92fffad9ab) instance(f4e683ce) },
{54,14:09:49:699,00:06:16:527,419506,ERROR,TSAudio,Failed to GetSoundDefinition for sound(0x1dd134feff0a1ec0) instance(f86b45fc) },
{55,14:09:49:699,00:06:16:527,419506,ERROR,TSAudio,Failed to initialize sound(0x1dd134feff0a1ec0) instance(f86b45fc) },
{56,14:09:49:699,00:06:16:527,419506,ERROR,TSAudio,Failed to GetSoundDefinition for sound(0x648a829bffed0645) instance(913bc53a) },
{57,14:09:49:699,00:06:16:527,419506,ERROR,TSAudio,Failed to initialize sound(0x648a829bffed0645) instance(913bc53a) },
{58,14:16:14:888,00:07:09:002,462876,ERROR,TSAudio,Object(VideoGame - System ) Modifier(destsurface) String does not exist. Event(obj_get)},
{59,14:16:14:901,00:07:09:003,462876,ERROR,TSAudio,Failed to GetSoundDefinition for sound(0xdd0e587fff749856) instance(59952bb0) },
{60,14:16:14:901,00:07:09:003,462876,ERROR,TSAudio,Failed to initialize sound(0xdd0e587fff749856) instance(59952bb0) },
{61,14:16:17:082,00:07:09:316,463041,ERROR,TSAudio,Failed to GetSoundDefinition for sound(0xd9b1dc92fffad9ab) instance(f4e683ce) },
{62,14:16:17:082,00:07:09:316,463041,ERROR,TSAudio,Failed to initialize sound(0xd9b1dc92fffad9ab) instance(f4e683ce) },
{63,14:16:17:279,00:07:09:345,463056,ERROR,TSAudio,Failed to GetSoundDefinition for sound(0xd9b1dc92fffad9ab) instance(f4e683ce) },
{64,14:16:17:279,00:07:09:345,463056,ERROR,TSAudio,Failed to initialize sound(0xd9b1dc92fffad9ab) instance(f4e683ce) },
{65,14:16:24:838,00:07:10:453,463443,ERROR,TSAudio,Object(VideoGame - System ) Modifier(destsurface) String does not exist. Event(obj_get)},
{66,14:16:24:859,00:07:10:456,463443,ERROR,TSAudio,Failed to GetSoundDefinition for sound(0xdd0e587fff749856) instance(f1802410) },
{67,14:16:24:859,00:07:10:456,463443,ERROR,TSAudio,Failed to initialize sound(0xdd0e587fff749856) instance(f1802410) },
{68,14:16:32:013,00:07:11:472,463851,ERROR,TSAudio,Failed to GetSoundDefinition for sound(0xa8c23ebbffe97ccf) instance(fa54d1d9) },
{69,14:16:32:013,00:07:11:472,463851,ERROR,TSAudio,Failed to initialize sound(0xa8c23ebbffe97ccf) instance(fa54d1d9) },
{70,14:16:33:465,00:07:11:666,463886,ERROR,TSAudio,Failed to GetSoundDefinition for sound(0xa8c23ebbffe97ccf) instance(f704ab3b) },
{71,14:16:33:465,00:07:11:666,463886,ERROR,TSAudio,Failed to initialize sound(0xa8c23ebbffe97ccf) instance(f704ab3b) },
{72,14:16:47:711,00:07:13:860,464874,ERROR,TSAudio,Object(VideoGame - System ) Modifier(destsurface) String does not exist. Event(obj_put)},
{73,14:16:47:719,00:07:13:861,464874,ERROR,TSAudio,Failed to GetSoundDefinition for sound(0xb54edc0eff45f086) instance(f7715b5a) },
{74,14:16:47:719,00:07:13:861,464874,ERROR,TSAudio,Failed to initialize sound(0xb54edc0eff45f086) instance(f7715b5a) },
{75,14:16:50:450,00:07:14:267,465067,ERROR,TSAudio,Failed to GetSoundDefinition for sound(0x3da6a66dffa30e43) instance(89622945) },
{76,14:16:50:450,00:07:14:267,465067,ERROR,TSAudio,Failed to initialize sound(0x3da6a66dffa30e43) instance(89622945) },
{77,14:18:42:723,00:07:29:488,474946,ERROR,TSAudio,Object(VideoGame - System ) Modifier(destsurface) String does not exist. Event(obj_put)},
{78,14:18:42:744,00:07:29:492,474946,ERROR,TSAudio,Failed to GetSoundDefinition for sound(0xb54edc0eff45f086) instance(046b1756) },
{79,14:18:42:744,00:07:29:492,474946,ERROR,TSAudio,Failed to initialize sound(0xb54edc0eff45f086) instance(046b1756) },
